0 info it worked if it ends with ok
1 verbose cli [ 'node', '/Users/marcfarra/.nvm/v0.10.22/bin/npm', 'start' ]
2 info using npm@1.3.21
3 info using node@v0.10.22
4 verbose run-script [ 'prestart', 'start', 'poststart' ]
5 info prestart lebdeck@
6 info start lebdeck@
7 verbose unsafe-perm in lifecycle true
8 info lebdeck@ Failed to exec start script
9 error lebdeck@ start: `node app.js`
9 error Exit status 8
10 error Failed at the lebdeck@ start script.
10 error This is most likely a problem with the lebdeck package,
10 error not with npm itself.
10 error Tell the author that this fails on your system:
10 error     node app.js
10 error You can get their info via:
10 error     npm owner ls lebdeck
10 error There is likely additional logging output above.
11 error System Darwin 13.0.0
12 error command "node" "/Users/marcfarra/.nvm/v0.10.22/bin/npm" "start"
13 error cwd /Users/marcfarra/github/hayda-rayna
14 error node -v v0.10.22
15 error npm -v 1.3.21
16 error code ELIFECYCLE
17 verbose exit [ 1, true ]
